Flow report for mp3
<<<<<<< HEAD
Tue Mar 13 23:57:08 2018
=======
Tue Mar 13 17:24:22 2018
>>>>>>> 47814160f3a3c9ecc2a46a267f420b9d801c86a3
Quartus II 64-Bit Version 15.0.2 Build 153 07/15/2015 SJ Full Version


---------------------
; Table of Contents ;
---------------------
  1. Legal Notice
  2. Flow Summary
  3. Flow Settings
  4. Flow Non-Default Global Settings
  5. Flow Elapsed Time
  6. Flow OS Summary
  7. Flow Log
  8. Flow Messages
  9. Flow Suppressed Messages



----------------
; Legal Notice ;
----------------
Copyright (C) 1991-2015 Altera Corporation. All rights reserved.
Your use of Altera Corporation's design tools, logic functions 
and other software and tools, and its AMPP partner logic 
functions, and any output files from any of the foregoing 
(including device programming or simulation files), and any 
associated documentation or information are expressly subject 
to the terms and conditions of the Altera Program License 
Subscription Agreement, the Altera Quartus II License Agreement,
the Altera MegaCore Function License Agreement, or other 
applicable license agreement, including, without limitation, 
that your use is for the sole purpose of programming logic 
devices manufactured by Altera and sold by Altera or its 
authorized distributors.  Please refer to the applicable 
agreement for further details.



<<<<<<< HEAD
+---------------------------------------------------------------------------+
; Flow Summary                                                              ;
+-----------------------------+---------------------------------------------+
; Flow Status                 ; Flow Failed - Tue Mar 13 23:57:08 2018      ;
; Quartus II 64-Bit Version   ; 15.0.2 Build 153 07/15/2015 SJ Full Version ;
; Revision Name               ; mp3                                         ;
; Top-level Entity Name       ; mp3                                         ;
; Family                      ; Cyclone V                                   ;
; Device                      ; 5CGXFC7C7F23C8                              ;
; Timing Models               ; Final                                       ;
; Logic utilization (in ALMs) ; N/A until Partition Merge                   ;
; Total registers             ; N/A until Partition Merge                   ;
; Total pins                  ; N/A until Partition Merge                   ;
; Total virtual pins          ; N/A until Partition Merge                   ;
; Total block memory bits     ; N/A until Partition Merge                   ;
; Total PLLs                  ; N/A until Partition Merge                   ;
; Total DLLs                  ; N/A until Partition Merge                   ;
+-----------------------------+---------------------------------------------+
=======
+-------------------------------------------------------------------------------+
; Flow Summary                                                                  ;
+---------------------------------+---------------------------------------------+
; Flow Status                     ; Successful - Tue Mar 13 17:24:22 2018       ;
; Quartus II 64-Bit Version       ; 15.0.2 Build 153 07/15/2015 SJ Full Version ;
; Revision Name                   ; mp3                                         ;
; Top-level Entity Name           ; mp3                                         ;
; Family                          ; Cyclone V                                   ;
; Device                          ; 5CGXFC7C7F23C8                              ;
; Timing Models                   ; Final                                       ;
; Logic utilization (in ALMs)     ; N/A                                         ;
; Total registers                 ; 354                                         ;
; Total pins                      ; 580                                         ;
; Total virtual pins              ; 0                                           ;
; Total block memory bits         ; 0                                           ;
; Total DSP Blocks                ; 0                                           ;
; Total HSSI RX PCSs              ; 0                                           ;
; Total HSSI PMA RX Deserializers ; 0                                           ;
; Total HSSI TX PCSs              ; 0                                           ;
; Total HSSI PMA TX Serializers   ; 0                                           ;
; Total PLLs                      ; 0                                           ;
; Total DLLs                      ; 0                                           ;
+---------------------------------+---------------------------------------------+
>>>>>>> 47814160f3a3c9ecc2a46a267f420b9d801c86a3


+-----------------------------------------+
; Flow Settings                           ;
+-------------------+---------------------+
; Option            ; Setting             ;
+-------------------+---------------------+
<<<<<<< HEAD
; Start date & time ; 03/13/2018 23:56:58 ;
=======
; Start date & time ; 03/13/2018 17:24:10 ;
>>>>>>> 47814160f3a3c9ecc2a46a267f420b9d801c86a3
; Main task         ; Compilation         ;
; Revision Name     ; mp3                 ;
+-------------------+---------------------+


+-----------------------------------------------------------------------------------------------------------------------------+
; Flow Non-Default Global Settings                                                                                            ;
+--------------------------------------+---------------------------------------+---------------+-------------+----------------+
; Assignment Name                      ; Value                                 ; Default Value ; Entity Name ; Section Id     ;
+--------------------------------------+---------------------------------------+---------------+-------------+----------------+
<<<<<<< HEAD
; COMPILER_SIGNATURE_ID                ; 215729418922467.152100341840032       ; --            ; --          ; --             ;
=======
; COMPILER_SIGNATURE_ID                ; 176231578740918.152097985032059       ; --            ; --          ; --             ;
>>>>>>> 47814160f3a3c9ecc2a46a267f420b9d801c86a3
; EDA_DESIGN_INSTANCE_NAME             ; NA                                    ; --            ; --          ; mp3_tb         ;
; EDA_NATIVELINK_SIMULATION_TEST_BENCH ; mp3_tb                                ; --            ; --          ; eda_simulation ;
; EDA_OUTPUT_DATA_FORMAT               ; Systemverilog Hdl                     ; --            ; --          ; eda_simulation ;
; EDA_SIMULATION_TOOL                  ; ModelSim-Altera (SystemVerilog)       ; <None>        ; --          ; --             ;
; EDA_TEST_BENCH_ENABLE_STATUS         ; TEST_BENCH_MODE                       ; --            ; --          ; eda_simulation ;
; EDA_TEST_BENCH_FILE                  ; mp3_tb.sv                             ; --            ; --          ; mp3_tb         ;
; EDA_TEST_BENCH_FILE                  ; memory.sv                             ; --            ; --          ; mp3_tb         ;
; EDA_TEST_BENCH_FILE                  ; magic_memory_dual_port.sv             ; --            ; --          ; mp3_tb         ;
; EDA_TEST_BENCH_MODULE_NAME           ; mp3_tb                                ; --            ; --          ; mp3_tb         ;
; EDA_TEST_BENCH_NAME                  ; mp3_tb                                ; --            ; --          ; eda_simulation ;
; EDA_TEST_BENCH_RUN_SIM_FOR           ; 100000 ns                             ; --            ; --          ; mp3_tb         ;
; EDA_TIME_SCALE                       ; 1 ps                                  ; --            ; --          ; eda_simulation ;
; NOMINAL_CORE_SUPPLY_VOLTAGE          ; 1.1V                                  ; --            ; --          ; --             ;
; PARTITION_COLOR                      ; 16764057                              ; --            ; --          ; Top            ;
; PARTITION_FITTER_PRESERVATION_LEVEL  ; PLACEMENT_AND_ROUTING                 ; --            ; --          ; Top            ;
; PARTITION_NETLIST_TYPE               ; SOURCE                                ; --            ; --          ; Top            ;
; POWER_BOARD_THERMAL_MODEL            ; None (CONSERVATIVE)                   ; --            ; --          ; --             ;
; POWER_PRESET_COOLING_SOLUTION        ; 23 MM HEAT SINK WITH 200 LFPM AIRFLOW ; --            ; --          ; --             ;
; PROJECT_OUTPUT_DIRECTORY             ; output_files                          ; --            ; --          ; --             ;
+--------------------------------------+---------------------------------------+---------------+-------------+----------------+


+--------------------------------------------------------------------------------------------------------------------------+
; Flow Elapsed Time                                                                                                        ;
+----------------------+--------------+-------------------------+---------------------+------------------------------------+
; Module Name          ; Elapsed Time ; Average Processors Used ; Peak Virtual Memory ; Total CPU Time (on all processors) ;
+----------------------+--------------+-------------------------+---------------------+------------------------------------+
<<<<<<< HEAD
; Analysis & Synthesis ; 00:00:11     ; 1.0                     ; 1090 MB             ; 00:00:23                           ;
; Total                ; 00:00:11     ; --                      ; --                  ; 00:00:23                           ;
=======
; Analysis & Synthesis ; 00:00:12     ; 1.0                     ; 1158 MB             ; 00:00:24                           ;
; Total                ; 00:00:12     ; --                      ; --                  ; 00:00:24                           ;
>>>>>>> 47814160f3a3c9ecc2a46a267f420b9d801c86a3
+----------------------+--------------+-------------------------+---------------------+------------------------------------+


+----------------------------------------------------------------------------------------------------+
; Flow OS Summary                                                                                    ;
+----------------------+------------------------------+--------------+--------------+----------------+
; Module Name          ; Machine Hostname             ; OS Name      ; OS Version   ; Processor type ;
+----------------------+------------------------------+--------------+--------------+----------------+
<<<<<<< HEAD
; Analysis & Synthesis ; dcl-l520-20.ews.illinois.edu ; CentOS Linux ; CentOS Linux ; x86_64         ;
=======
; Analysis & Synthesis ; dcl-l520-19.ews.illinois.edu ; CentOS Linux ; CentOS Linux ; x86_64         ;
>>>>>>> 47814160f3a3c9ecc2a46a267f420b9d801c86a3
+----------------------+------------------------------+--------------+--------------+----------------+


------------
; Flow Log ;
------------
quartus_map --read_settings_files=on --write_settings_files=off mp3 -c mp3



